<?xml version="1.0" encoding="UTF-8"?>
<!-- Generated by org.testng.reporters.JUnitXMLReporter -->
<testsuite ignored="0" hostname="SAHILADEVI" failures="0" tests="4" name="Default test" time="20.267" errors="0" timestamp="2024-06-21T13:02:56 EDT">
  <testcase classname="testng_with_different_way_passingvalues.FacebookLoginUsingExcelValues" name="getDataFromDataProvider" time="5.87"/>
  <testcase classname="testng_with_different_way_passingvalues.FacebookLoginUsingExcelValues" name="getDataFromDataProvider" time="4.642"/>
  <testcase classname="testng_with_different_way_passingvalues.FacebookLoginUsingExcelValues" name="getDataFromDataProvider" time="4.483"/>
  <testcase classname="testng_with_different_way_passingvalues.FacebookLoginUsingExcelValues" name="getDataFromDataProvider" time="4.414"/>
</testsuite> <!-- Default test -->
