<?xml version="1.0" encoding="UTF-8"?>
<testng-results ignored="0" total="4" passed="4" failed="0" skipped="0">
  <reporter-output>
  </reporter-output>
  <suite started-at="2024-06-21T13:02:36 EDT" name="Default suite" finished-at="2024-06-21T13:02:56 EDT" duration-ms="20267">
    <groups>
    </groups>
    <test started-at="2024-06-21T13:02:36 EDT" name="Default test" finished-at="2024-06-21T13:02:56 EDT" duration-ms="20267">
      <class name="testng_with_different_way_passingvalues.FacebookLoginUsingExcelValues">
        <test-method signature="getDataFromDataProvider(java.lang.String,java.lang.String)[pri:0, instance:testng_with_different_way_passingvalues.FacebookLoginUsingExcelValues@3f6b0be5]" started-at="2024-06-21T13:02:37 EDT" name="getDataFromDataProvider" data-provider="testData" finished-at="2024-06-21T13:02:43 EDT" duration-ms="5870" status="PASS">
          <params>
            <param index="0">
              <value>
                <![CDATA[admin1@gmail.com]]>
              </value>
            </param>
            <param index="1">
              <value>
                <![CDATA[manager1]]>
              </value>
            </param>
          </params>
          <reporter-output>
          </reporter-output>
        </test-method> <!-- getDataFromDataProvider -->
        <test-method signature="getDataFromDataProvider(java.lang.String,java.lang.String)[pri:0, instance:testng_with_different_way_passingvalues.FacebookLoginUsingExcelValues@3f6b0be5]" started-at="2024-06-21T13:02:43 EDT" name="getDataFromDataProvider" data-provider="testData" finished-at="2024-06-21T13:02:47 EDT" duration-ms="4642" status="PASS">
          <params>
            <param index="0">
              <value>
                <![CDATA[admin2@gmail.com]]>
              </value>
            </param>
            <param index="1">
              <value>
                <![CDATA[manager2]]>
              </value>
            </param>
          </params>
          <reporter-output>
          </reporter-output>
        </test-method> <!-- getDataFromDataProvider -->
        <test-method signature="getDataFromDataProvider(java.lang.String,java.lang.String)[pri:0, instance:testng_with_different_way_passingvalues.FacebookLoginUsingExcelValues@3f6b0be5]" started-at="2024-06-21T13:02:47 EDT" name="getDataFromDataProvider" data-provider="testData" finished-at="2024-06-21T13:02:52 EDT" duration-ms="4483" status="PASS">
          <params>
            <param index="0">
              <value>
                <![CDATA[admin3@gmail.com]]>
              </value>
            </param>
            <param index="1">
              <value>
                <![CDATA[manager3]]>
              </value>
            </param>
          </params>
          <reporter-output>
          </reporter-output>
        </test-method> <!-- getDataFromDataProvider -->
        <test-method signature="getDataFromDataProvider(java.lang.String,java.lang.String)[pri:0, instance:testng_with_different_way_passingvalues.FacebookLoginUsingExcelValues@3f6b0be5]" started-at="2024-06-21T13:02:52 EDT" name="getDataFromDataProvider" data-provider="testData" finished-at="2024-06-21T13:02:56 EDT" duration-ms="4414" status="PASS">
          <params>
            <param index="0">
              <value>
                <![CDATA[admin4@gmail.com]]>
              </value>
            </param>
            <param index="1">
              <value>
                <![CDATA[manager4]]>
              </value>
            </param>
          </params>
          <reporter-output>
          </reporter-output>
        </test-method> <!-- getDataFromDataProvider -->
      </class> <!-- testng_with_different_way_passingvalues.FacebookLoginUsingExcelValues -->
    </test> <!-- Default test -->
  </suite> <!-- Default suite -->
</testng-results>
